d:\zuki\documents\6.0.4-dev-from-6.0.3\bin\jobarg_agent\x64\libtar.pdb
d:\zuki\documents\6.0.4-dev-from-6.0.3\build\project\libtar\x64\release\dirent.obj
d:\zuki\documents\6.0.4-dev-from-6.0.3\build\project\libtar\x64\release\libtar_list.obj
d:\zuki\documents\6.0.4-dev-from-6.0.3\build\project\libtar\x64\release\libtar_hash.obj
d:\zuki\documents\6.0.4-dev-from-6.0.3\build\project\libtar\x64\release\wrapper.obj
d:\zuki\documents\6.0.4-dev-from-6.0.3\build\project\libtar\x64\release\util.obj
d:\zuki\documents\6.0.4-dev-from-6.0.3\build\project\libtar\x64\release\output.obj
d:\zuki\documents\6.0.4-dev-from-6.0.3\build\project\libtar\x64\release\handle.obj
d:\zuki\documents\6.0.4-dev-from-6.0.3\build\project\libtar\x64\release\extract.obj
d:\zuki\documents\6.0.4-dev-from-6.0.3\build\project\libtar\x64\release\encode.obj
d:\zuki\documents\6.0.4-dev-from-6.0.3\build\project\libtar\x64\release\decode.obj
d:\zuki\documents\6.0.4-dev-from-6.0.3\build\project\libtar\x64\release\block.obj
d:\zuki\documents\6.0.4-dev-from-6.0.3\build\project\libtar\x64\release\append.obj
d:\zuki\documents\6.0.4-dev-from-6.0.3\build\project\libtar\x64\release\strsep.obj
d:\zuki\documents\6.0.4-dev-from-6.0.3\build\project\libtar\x64\release\strmode.obj
d:\zuki\documents\6.0.4-dev-from-6.0.3\build\project\libtar\x64\release\strlcpy.obj
d:\zuki\documents\6.0.4-dev-from-6.0.3\build\project\libtar\x64\release\glob.obj
d:\zuki\documents\6.0.4-dev-from-6.0.3\build\project\libtar\x64\release\fnmatch.obj
d:\zuki\documents\6.0.4-dev-from-6.0.3\build\project\libtar\x64\release\dirname.obj
d:\zuki\documents\6.0.4-dev-from-6.0.3\build\project\libtar\x64\release\basename.obj
d:\zuki\documents\6.0.4-dev-from-6.0.3\bin\jobarg_agent\x64\libtar.lib
d:\zuki\documents\6.0.4-dev-from-6.0.3\build\project\..\..\bin\jobarg_agent\x64\libtar.pdb
d:\zuki\documents\6.0.4-dev-from-6.0.3\build\project\libtar\x64\release\libtar.tlog\cl.command.1.tlog
d:\zuki\documents\6.0.4-dev-from-6.0.3\build\project\libtar\x64\release\libtar.tlog\cl.read.1.tlog
d:\zuki\documents\6.0.4-dev-from-6.0.3\build\project\libtar\x64\release\libtar.tlog\cl.write.1.tlog
d:\zuki\documents\6.0.4-dev-from-6.0.3\build\project\libtar\x64\release\libtar.tlog\lib-link.read.1.tlog
d:\zuki\documents\6.0.4-dev-from-6.0.3\build\project\libtar\x64\release\libtar.tlog\lib-link.write.1.tlog
d:\zuki\documents\6.0.4-dev-from-6.0.3\build\project\libtar\x64\release\libtar.tlog\lib.command.1.tlog
