  arraylist.c
  debug.c
  json_object.c
D:\zuki\Documents\6.0.4-dev-from-6.0.3\tools\json\json_object.c(267,36): warning C4996: 'strdup': The POSIX name for this item is deprecated. Instead, use the ISO C and C++ conformant name: _strdup. See online help for details.
D:\zuki\Documents\6.0.4-dev-from-6.0.3\tools\json\json_object.c(347,8): warning C4996: 'sscanf': This function or variable may be unsafe. Consider using sscanf_s instead. To disable deprecation, use _CRT_SECURE_NO_WARNINGS. See online help for details.
D:\zuki\Documents\6.0.4-dev-from-6.0.3\tools\json\json_object.c(384,8): warning C4996: 'sscanf': This function or variable may be unsafe. Consider using sscanf_s instead. To disable deprecation, use _CRT_SECURE_NO_WARNINGS. See online help for details.
D:\zuki\Documents\6.0.4-dev-from-6.0.3\tools\json\json_object.c(414,21): warning C4996: 'strdup': The POSIX name for this item is deprecated. Instead, use the ISO C and C++ conformant name: _strdup. See online help for details.
  json_tokener.c
D:\zuki\Documents\6.0.4-dev-from-6.0.3\tools\json\json_tokener.c(311,15): warning C4244: '+=': conversion from '__int64' to 'int', possible loss of data
D:\zuki\Documents\6.0.4-dev-from-6.0.3\tools\json\json_tokener.c(311,15): warning C4244: 'function': conversion from '__int64' to 'int', possible loss of data
D:\zuki\Documents\6.0.4-dev-from-6.0.3\tools\json\json_tokener.c(315,11): warning C4244: '+=': conversion from '__int64' to 'int', possible loss of data
D:\zuki\Documents\6.0.4-dev-from-6.0.3\tools\json\json_tokener.c(315,11): warning C4244: 'function': conversion from '__int64' to 'int', possible loss of data
D:\zuki\Documents\6.0.4-dev-from-6.0.3\tools\json\json_tokener.c(326,6): warning C4244: '+=': conversion from '__int64' to 'int', possible loss of data
D:\zuki\Documents\6.0.4-dev-from-6.0.3\tools\json\json_tokener.c(326,6): warning C4244: 'function': conversion from '__int64' to 'int', possible loss of data
D:\zuki\Documents\6.0.4-dev-from-6.0.3\tools\json\json_tokener.c(330,2): warning C4244: '+=': conversion from '__int64' to 'int', possible loss of data
D:\zuki\Documents\6.0.4-dev-from-6.0.3\tools\json\json_tokener.c(330,2): warning C4244: 'function': conversion from '__int64' to 'int', possible loss of data
D:\zuki\Documents\6.0.4-dev-from-6.0.3\tools\json\json_tokener.c(352,6): warning C4244: '+=': conversion from '__int64' to 'int', possible loss of data
D:\zuki\Documents\6.0.4-dev-from-6.0.3\tools\json\json_tokener.c(352,6): warning C4244: 'function': conversion from '__int64' to 'int', possible loss of data
D:\zuki\Documents\6.0.4-dev-from-6.0.3\tools\json\json_tokener.c(358,6): warning C4244: '+=': conversion from '__int64' to 'int', possible loss of data
D:\zuki\Documents\6.0.4-dev-from-6.0.3\tools\json\json_tokener.c(358,6): warning C4244: 'function': conversion from '__int64' to 'int', possible loss of data
D:\zuki\Documents\6.0.4-dev-from-6.0.3\tools\json\json_tokener.c(364,6): warning C4244: '+=': conversion from '__int64' to 'int', possible loss of data
D:\zuki\Documents\6.0.4-dev-from-6.0.3\tools\json\json_tokener.c(364,6): warning C4244: 'function': conversion from '__int64' to 'int', possible loss of data
D:\zuki\Documents\6.0.4-dev-from-6.0.3\tools\json\json_tokener.c(552,6): warning C4244: '+=': conversion from '__int64' to 'int', possible loss of data
D:\zuki\Documents\6.0.4-dev-from-6.0.3\tools\json\json_tokener.c(552,6): warning C4244: 'function': conversion from '__int64' to 'int', possible loss of data
D:\zuki\Documents\6.0.4-dev-from-6.0.3\tools\json\json_tokener.c(558,6): warning C4244: '+=': conversion from '__int64' to 'int', possible loss of data
D:\zuki\Documents\6.0.4-dev-from-6.0.3\tools\json\json_tokener.c(558,6): warning C4244: 'function': conversion from '__int64' to 'int', possible loss of data
D:\zuki\Documents\6.0.4-dev-from-6.0.3\tools\json\json_tokener.c(564,6): warning C4244: '+=': conversion from '__int64' to 'int', possible loss of data
D:\zuki\Documents\6.0.4-dev-from-6.0.3\tools\json\json_tokener.c(564,6): warning C4244: 'function': conversion from '__int64' to 'int', possible loss of data
D:\zuki\Documents\6.0.4-dev-from-6.0.3\tools\json\json_tokener.c(483,31): warning C4996: 'sscanf': This function or variable may be unsafe. Consider using sscanf_s instead. To disable deprecation, use _CRT_SECURE_NO_WARNINGS. See online help for details.
D:\zuki\Documents\6.0.4-dev-from-6.0.3\tools\json\json_tokener.c(485,37): warning C4996: 'sscanf': This function or variable may be unsafe. Consider using sscanf_s instead. To disable deprecation, use _CRT_SECURE_NO_WARNINGS. See online help for details.
D:\zuki\Documents\6.0.4-dev-from-6.0.3\tools\json\json_tokener.c(553,23): warning C4996: 'strdup': The POSIX name for this item is deprecated. Instead, use the ISO C and C++ conformant name: _strdup. See online help for details.
  json_util.c
D:\zuki\Documents\6.0.4-dev-from-6.0.3\tools\json\json_util.c(62,12): warning C4996: '_open': This function or variable may be unsafe. Consider using _sopen_s instead. To disable deprecation, use _CRT_SECURE_NO_WARNINGS. See online help for details.
D:\zuki\Documents\6.0.4-dev-from-6.0.3\tools\json\json_util.c(63,1): warning C4996: 'strerror': This function or variable may be unsafe. Consider using strerror_s instead. To disable deprecation, use _CRT_SECURE_NO_WARNINGS. See online help for details.
D:\zuki\Documents\6.0.4-dev-from-6.0.3\tools\json\json_util.c(71,16): warning C4996: 'read': The POSIX name for this item is deprecated. Instead, use the ISO C and C++ conformant name: _read. See online help for details.
D:\zuki\Documents\6.0.4-dev-from-6.0.3\tools\json\json_util.c(74,3): warning C4996: 'close': The POSIX name for this item is deprecated. Instead, use the ISO C and C++ conformant name: _close. See online help for details.
D:\zuki\Documents\6.0.4-dev-from-6.0.3\tools\json\json_util.c(76,1): warning C4996: 'strerror': This function or variable may be unsafe. Consider using strerror_s instead. To disable deprecation, use _CRT_SECURE_NO_WARNINGS. See online help for details.
D:\zuki\Documents\6.0.4-dev-from-6.0.3\tools\json\json_util.c(97,12): warning C4996: '_open': This function or variable may be unsafe. Consider using _sopen_s instead. To disable deprecation, use _CRT_SECURE_NO_WARNINGS. See online help for details.
D:\zuki\Documents\6.0.4-dev-from-6.0.3\tools\json\json_util.c(98,1): warning C4996: 'strerror': This function or variable may be unsafe. Consider using strerror_s instead. To disable deprecation, use _CRT_SECURE_NO_WARNINGS. See online help for details.
D:\zuki\Documents\6.0.4-dev-from-6.0.3\tools\json\json_util.c(109,15): warning C4996: 'write': The POSIX name for this item is deprecated. Instead, use the ISO C and C++ conformant name: _write. See online help for details.
D:\zuki\Documents\6.0.4-dev-from-6.0.3\tools\json\json_util.c(110,7): warning C4996: 'close': The POSIX name for this item is deprecated. Instead, use the ISO C and C++ conformant name: _close. See online help for details.
D:\zuki\Documents\6.0.4-dev-from-6.0.3\tools\json\json_util.c(111,1): warning C4996: 'strerror': This function or variable may be unsafe. Consider using strerror_s instead. To disable deprecation, use _CRT_SECURE_NO_WARNINGS. See online help for details.
D:\zuki\Documents\6.0.4-dev-from-6.0.3\tools\json\json_util.c(120,3): warning C4996: 'close': The POSIX name for this item is deprecated. Instead, use the ISO C and C++ conformant name: _close. See online help for details.
  linkhash.c
  printbuf.c
D:\zuki\Documents\6.0.4-dev-from-6.0.3\tools\json\printbuf.c(98,14): warning C4996: 'vsprintf': This function or variable may be unsafe. Consider using vsprintf_s instead. To disable deprecation, use _CRT_SECURE_NO_WARNINGS. See online help for details.
D:\zuki\Documents\6.0.4-dev-from-6.0.3\tools\json\printbuf.c(118,10): warning C4996: '_vsnprintf': This function or variable may be unsafe. Consider using _vsnprintf_s instead. To disable deprecation, use _CRT_SECURE_NO_WARNINGS. See online help for details.
  test1.c
D:\zuki\Documents\6.0.4-dev-from-6.0.3\tools\json\test1.c(144,6): warning C4311: 'type cast': pointer truncation from 'json_object *' to 'unsigned long'
D:\zuki\Documents\6.0.4-dev-from-6.0.3\tools\json\test1.c(147,6): warning C4311: 'type cast': pointer truncation from 'json_object *' to 'unsigned long'
D:\zuki\Documents\6.0.4-dev-from-6.0.3\tools\json\test1.c(150,6): warning C4311: 'type cast': pointer truncation from 'json_object *' to 'unsigned long'
D:\zuki\Documents\6.0.4-dev-from-6.0.3\tools\json\test1.c(155,6): warning C4311: 'type cast': pointer truncation from 'json_object *' to 'unsigned long'
D:\zuki\Documents\6.0.4-dev-from-6.0.3\tools\json\test1.c(157,6): warning C4311: 'type cast': pointer truncation from 'json_object *' to 'unsigned long'
  json.vcxproj -> D:\zuki\Documents\6.0.4-dev-from-6.0.3\bin\jobarg_agent\x64\json.lib
