  jobarg_command.c
D:\zuki\Documents\6.0.4-dev-from-6.0.3\src\jobarg_command\jobarg_command.c(57,10): warning C4996: 'localtime': This function or variable may be unsafe. Consider using localtime_s instead. To disable deprecation, use _CRT_SECURE_NO_WARNINGS. See online help for details.
D:\zuki\Documents\6.0.4-dev-from-6.0.3\src\jobarg_command\jobarg_command.c(127,51): warning C4013: 'getpid' undefined; assuming extern returning int
D:\zuki\Documents\6.0.4-dev-from-6.0.3\src\jobarg_command\jobarg_command.c(166,35): warning C4047: 'function': 'char *' differs in levels of indirection from 'char (*)[20]'
D:\zuki\Documents\6.0.4-dev-from-6.0.3\src\jobarg_command\jobarg_command.c(166,22): warning C4024: 'get_current_time': different types for formal and actual parameter 1
D:\zuki\Documents\6.0.4-dev-from-6.0.3\src\jobarg_command\jobarg_command.c(230,25): warning C4267: 'function': conversion from 'size_t' to 'int', possible loss of data
D:\zuki\Documents\6.0.4-dev-from-6.0.3\src\jobarg_command\jobarg_command.c(258,29): warning C4477: 'fprintf' : format string '%ws' requires an argument of type 'unsigned short *', but variadic argument 1 has type 'char *'
D:\zuki\Documents\6.0.4-dev-from-6.0.3\src\jobarg_command\jobarg_command.c(258,29): message : consider using '%hs' in the format string
D:\zuki\Documents\6.0.4-dev-from-6.0.3\src\jobarg_command\jobarg_command.c(258,29): message : consider using '%s' in the format string
D:\zuki\Documents\6.0.4-dev-from-6.0.3\src\jobarg_command\jobarg_command.c(258,29): message : consider using '%Ts' in the format string
D:\zuki\Documents\6.0.4-dev-from-6.0.3\src\jobarg_command\jobarg_command.c(280,29): warning C4477: 'fprintf' : format string '%ws' requires an argument of type 'unsigned short *', but variadic argument 1 has type 'char *'
D:\zuki\Documents\6.0.4-dev-from-6.0.3\src\jobarg_command\jobarg_command.c(280,29): message : consider using '%hs' in the format string
D:\zuki\Documents\6.0.4-dev-from-6.0.3\src\jobarg_command\jobarg_command.c(280,29): message : consider using '%s' in the format string
D:\zuki\Documents\6.0.4-dev-from-6.0.3\src\jobarg_command\jobarg_command.c(280,29): message : consider using '%Ts' in the format string
D:\zuki\Documents\6.0.4-dev-from-6.0.3\src\jobarg_command\jobarg_command.c(300,29): warning C4477: 'fprintf' : format string '%ws' requires an argument of type 'unsigned short *', but variadic argument 1 has type 'char *'
D:\zuki\Documents\6.0.4-dev-from-6.0.3\src\jobarg_command\jobarg_command.c(300,29): message : consider using '%hs' in the format string
D:\zuki\Documents\6.0.4-dev-from-6.0.3\src\jobarg_command\jobarg_command.c(300,29): message : consider using '%s' in the format string
D:\zuki\Documents\6.0.4-dev-from-6.0.3\src\jobarg_command\jobarg_command.c(300,29): message : consider using '%Ts' in the format string
D:\zuki\Documents\6.0.4-dev-from-6.0.3\src\jobarg_command\jobarg_command.c(322,29): warning C4477: 'fprintf' : format string '%ws' requires an argument of type 'unsigned short *', but variadic argument 1 has type 'char *'
D:\zuki\Documents\6.0.4-dev-from-6.0.3\src\jobarg_command\jobarg_command.c(322,29): message : consider using '%hs' in the format string
D:\zuki\Documents\6.0.4-dev-from-6.0.3\src\jobarg_command\jobarg_command.c(322,29): message : consider using '%s' in the format string
D:\zuki\Documents\6.0.4-dev-from-6.0.3\src\jobarg_command\jobarg_command.c(322,29): message : consider using '%Ts' in the format string
D:\zuki\Documents\6.0.4-dev-from-6.0.3\src\jobarg_command\jobarg_command.c(363,29): warning C4477: 'fprintf' : format string '%ws' requires an argument of type 'unsigned short *', but variadic argument 1 has type 'char *'
D:\zuki\Documents\6.0.4-dev-from-6.0.3\src\jobarg_command\jobarg_command.c(363,29): message : consider using '%hs' in the format string
D:\zuki\Documents\6.0.4-dev-from-6.0.3\src\jobarg_command\jobarg_command.c(363,29): message : consider using '%s' in the format string
D:\zuki\Documents\6.0.4-dev-from-6.0.3\src\jobarg_command\jobarg_command.c(363,29): message : consider using '%Ts' in the format string
D:\zuki\Documents\6.0.4-dev-from-6.0.3\src\jobarg_command\jobarg_command.c(499,23): warning C4047: '==': 'int' differs in levels of indirection from 'void *'
D:\zuki\Documents\6.0.4-dev-from-6.0.3\src\jobarg_command\jobarg_command.c(503,23): warning C4047: '==': 'int' differs in levels of indirection from 'void *'
D:\zuki\Documents\6.0.4-dev-from-6.0.3\src\jobarg_command\jobarg_command.c(524,35): warning C4047: 'function': 'char *' differs in levels of indirection from 'char (*)[20]'
D:\zuki\Documents\6.0.4-dev-from-6.0.3\src\jobarg_command\jobarg_command.c(524,22): warning C4024: 'get_current_time': different types for formal and actual parameter 1
D:\zuki\Documents\6.0.4-dev-from-6.0.3\src\jobarg_command\jobarg_command.c(127,5): warning C4996: 'sprintf': This function or variable may be unsafe. Consider using sprintf_s instead. To disable deprecation, use _CRT_SECURE_NO_WARNINGS. See online help for details.
D:\zuki\Documents\6.0.4-dev-from-6.0.3\src\jobarg_command\jobarg_command.c(128,5): warning C4996: 'sprintf': This function or variable may be unsafe. Consider using sprintf_s instead. To disable deprecation, use _CRT_SECURE_NO_WARNINGS. See online help for details.
D:\zuki\Documents\6.0.4-dev-from-6.0.3\src\jobarg_command\jobarg_command.c(130,5): warning C4996: 'sprintf': This function or variable may be unsafe. Consider using sprintf_s instead. To disable deprecation, use _CRT_SECURE_NO_WARNINGS. See online help for details.
D:\zuki\Documents\6.0.4-dev-from-6.0.3\src\jobarg_command\jobarg_command.c(131,5): warning C4996: 'sprintf': This function or variable may be unsafe. Consider using sprintf_s instead. To disable deprecation, use _CRT_SECURE_NO_WARNINGS. See online help for details.
D:\zuki\Documents\6.0.4-dev-from-6.0.3\src\jobarg_command\jobarg_command.c(132,5): warning C4996: 'sprintf': This function or variable may be unsafe. Consider using sprintf_s instead. To disable deprecation, use _CRT_SECURE_NO_WARNINGS. See online help for details.
D:\zuki\Documents\6.0.4-dev-from-6.0.3\src\jobarg_command\jobarg_command.c(134,41): warning C4996: 'strerror': This function or variable may be unsafe. Consider using strerror_s instead. To disable deprecation, use _CRT_SECURE_NO_WARNINGS. See online help for details.
D:\zuki\Documents\6.0.4-dev-from-6.0.3\src\jobarg_command\jobarg_command.c(154,10): warning C4996: 'fopen': This function or variable may be unsafe. Consider using fopen_s instead. To disable deprecation, use _CRT_SECURE_NO_WARNINGS. See online help for details.
D:\zuki\Documents\6.0.4-dev-from-6.0.3\src\jobarg_command\jobarg_command.c(183,9): warning C4996: 'sprintf': This function or variable may be unsafe. Consider using sprintf_s instead. To disable deprecation, use _CRT_SECURE_NO_WARNINGS. See online help for details.
D:\zuki\Documents\6.0.4-dev-from-6.0.3\src\jobarg_command\jobarg_command.c(184,9): warning C4996: 'sprintf': This function or variable may be unsafe. Consider using sprintf_s instead. To disable deprecation, use _CRT_SECURE_NO_WARNINGS. See online help for details.
D:\zuki\Documents\6.0.4-dev-from-6.0.3\src\jobarg_command\jobarg_command.c(186,64): warning C4996: 'strerror': This function or variable may be unsafe. Consider using strerror_s instead. To disable deprecation, use _CRT_SECURE_NO_WARNINGS. See online help for details.
D:\zuki\Documents\6.0.4-dev-from-6.0.3\src\jobarg_command\jobarg_command.c(190,9): warning C4996: 'sprintf': This function or variable may be unsafe. Consider using sprintf_s instead. To disable deprecation, use _CRT_SECURE_NO_WARNINGS. See online help for details.
D:\zuki\Documents\6.0.4-dev-from-6.0.3\src\jobarg_command\jobarg_command.c(191,14): warning C4996: 'open': The POSIX name for this item is deprecated. Instead, use the ISO C and C++ conformant name: _open. See online help for details.
D:\zuki\Documents\6.0.4-dev-from-6.0.3\src\jobarg_command\jobarg_command.c(193,45): warning C4996: 'strerror': This function or variable may be unsafe. Consider using strerror_s instead. To disable deprecation, use _CRT_SECURE_NO_WARNINGS. See online help for details.
D:\zuki\Documents\6.0.4-dev-from-6.0.3\src\jobarg_command\jobarg_command.c(203,13): warning C4996: 'close': The POSIX name for this item is deprecated. Instead, use the ISO C and C++ conformant name: _close. See online help for details.
D:\zuki\Documents\6.0.4-dev-from-6.0.3\src\jobarg_command\jobarg_command.c(208,9): warning C4996: 'dup2': The POSIX name for this item is deprecated. Instead, use the ISO C and C++ conformant name: _dup2. See online help for details.
D:\zuki\Documents\6.0.4-dev-from-6.0.3\src\jobarg_command\jobarg_command.c(211,9): warning C4996: 'dup2': The POSIX name for this item is deprecated. Instead, use the ISO C and C++ conformant name: _dup2. See online help for details.
D:\zuki\Documents\6.0.4-dev-from-6.0.3\src\jobarg_command\jobarg_command.c(216,9): warning C4996: 'write': The POSIX name for this item is deprecated. Instead, use the ISO C and C++ conformant name: _write. See online help for details.
D:\zuki\Documents\6.0.4-dev-from-6.0.3\src\jobarg_command\jobarg_command.c(218,43): warning C4996: 'strerror': This function or variable may be unsafe. Consider using strerror_s instead. To disable deprecation, use _CRT_SECURE_NO_WARNINGS. See online help for details.
D:\zuki\Documents\6.0.4-dev-from-6.0.3\src\jobarg_command\jobarg_command.c(220,5): warning C4996: 'close': The POSIX name for this item is deprecated. Instead, use the ISO C and C++ conformant name: _close. See online help for details.
D:\zuki\Documents\6.0.4-dev-from-6.0.3\src\jobarg_command\jobarg_command.c(228,5): warning C4996: 'sprintf': This function or variable may be unsafe. Consider using sprintf_s instead. To disable deprecation, use _CRT_SECURE_NO_WARNINGS. See online help for details.
D:\zuki\Documents\6.0.4-dev-from-6.0.3\src\jobarg_command\jobarg_command.c(232,5): warning C4996: 'sprintf': This function or variable may be unsafe. Consider using sprintf_s instead. To disable deprecation, use _CRT_SECURE_NO_WARNINGS. See online help for details.
D:\zuki\Documents\6.0.4-dev-from-6.0.3\src\jobarg_command\jobarg_command.c(233,5): warning C4996: 'sprintf': This function or variable may be unsafe. Consider using sprintf_s instead. To disable deprecation, use _CRT_SECURE_NO_WARNINGS. See online help for details.
D:\zuki\Documents\6.0.4-dev-from-6.0.3\src\jobarg_command\jobarg_command.c(497,5): warning C4996: 'sprintf': This function or variable may be unsafe. Consider using sprintf_s instead. To disable deprecation, use _CRT_SECURE_NO_WARNINGS. See online help for details.
D:\zuki\Documents\6.0.4-dev-from-6.0.3\src\jobarg_command\jobarg_command.c(498,14): warning C4996: 'open': The POSIX name for this item is deprecated. Instead, use the ISO C and C++ conformant name: _open. See online help for details.
D:\zuki\Documents\6.0.4-dev-from-6.0.3\src\jobarg_command\jobarg_command.c(501,5): warning C4996: 'sprintf': This function or variable may be unsafe. Consider using sprintf_s instead. To disable deprecation, use _CRT_SECURE_NO_WARNINGS. See online help for details.
D:\zuki\Documents\6.0.4-dev-from-6.0.3\src\jobarg_command\jobarg_command.c(502,14): warning C4996: 'open': The POSIX name for this item is deprecated. Instead, use the ISO C and C++ conformant name: _open. See online help for details.
D:\zuki\Documents\6.0.4-dev-from-6.0.3\src\jobarg_command\jobarg_command.c(505,9): warning C4996: 'write': The POSIX name for this item is deprecated. Instead, use the ISO C and C++ conformant name: _write. See online help for details.
D:\zuki\Documents\6.0.4-dev-from-6.0.3\src\jobarg_command\jobarg_command.c(506,41): warning C4996: 'strerror': This function or variable may be unsafe. Consider using strerror_s instead. To disable deprecation, use _CRT_SECURE_NO_WARNINGS. See online help for details.
D:\zuki\Documents\6.0.4-dev-from-6.0.3\src\jobarg_command\jobarg_command.c(509,9): warning C4996: 'write': The POSIX name for this item is deprecated. Instead, use the ISO C and C++ conformant name: _write. See online help for details.
D:\zuki\Documents\6.0.4-dev-from-6.0.3\src\jobarg_command\jobarg_command.c(510,41): warning C4996: 'strerror': This function or variable may be unsafe. Consider using strerror_s instead. To disable deprecation, use _CRT_SECURE_NO_WARNINGS. See online help for details.
D:\zuki\Documents\6.0.4-dev-from-6.0.3\src\jobarg_command\jobarg_command.c(512,5): warning C4996: 'close': The POSIX name for this item is deprecated. Instead, use the ISO C and C++ conformant name: _close. See online help for details.
D:\zuki\Documents\6.0.4-dev-from-6.0.3\src\jobarg_command\jobarg_command.c(513,5): warning C4996: 'close': The POSIX name for this item is deprecated. Instead, use the ISO C and C++ conformant name: _close. See online help for details.
D:\zuki\Documents\6.0.4-dev-from-6.0.3\src\jobarg_command\jobarg_command.c(514,5): warning C4996: 'close': The POSIX name for this item is deprecated. Instead, use the ISO C and C++ conformant name: _close. See online help for details.
D:\zuki\Documents\6.0.4-dev-from-6.0.3\src\jobarg_command\jobarg_command.c(515,5): warning C4996: 'close': The POSIX name for this item is deprecated. Instead, use the ISO C and C++ conformant name: _close. See online help for details.
D:\zuki\Documents\6.0.4-dev-from-6.0.3\src\jobarg_command\jobarg_command.c(516,10): warning C4996: 'fopen': This function or variable may be unsafe. Consider using fopen_s instead. To disable deprecation, use _CRT_SECURE_NO_WARNINGS. See online help for details.
D:\zuki\Documents\6.0.4-dev-from-6.0.3\src\jobarg_command\jobarg_command.c(69,10): warning C4101: 'fn_end': unreferenced local variable
D:\zuki\Documents\6.0.4-dev-from-6.0.3\src\jobarg_command\jobarg_command.c(68,10): warning C4101: 'fn_start': unreferenced local variable
  Generating code
  Previous IPDB not found, fall back to full compilation.
  All 12 functions were compiled because no usable IPDB/IOBJ from previous compilation was found.
  Finished generating code
  jobarg_command.vcxproj -> D:\zuki\Documents\6.0.4-dev-from-6.0.3\bin\jobarg_agent\x64\jobarg_command.exe
