  arraylist.c
  debug.c
  json_object.c
G:\data\dat\jazsrc\jobarranger-src\trunk\tools\json\json_object.c(267,36): warning C4996: 'strdup': The POSIX name for this item is deprecated. Instead, use the ISO C and C++ conformant name: _strdup. See online help for details.
G:\data\dat\jazsrc\jobarranger-src\trunk\tools\json\json_object.c(347,8): warning C4996: 'sscanf': This function or variable may be unsafe. Consider using sscanf_s instead. To disable deprecation, use _CRT_SECURE_NO_WARNINGS. See online help for details.
G:\data\dat\jazsrc\jobarranger-src\trunk\tools\json\json_object.c(384,8): warning C4996: 'sscanf': This function or variable may be unsafe. Consider using sscanf_s instead. To disable deprecation, use _CRT_SECURE_NO_WARNINGS. See online help for details.
G:\data\dat\jazsrc\jobarranger-src\trunk\tools\json\json_object.c(414,21): warning C4996: 'strdup': The POSIX name for this item is deprecated. Instead, use the ISO C and C++ conformant name: _strdup. See online help for details.
  json_tokener.c
G:\data\dat\jazsrc\jobarranger-src\trunk\tools\json\json_tokener.c(279,8): warning C4018: '<': signed と unsigned の数値を比較しようとしました。
G:\data\dat\jazsrc\jobarranger-src\trunk\tools\json\json_tokener.c(442,8): warning C4018: '<': signed と unsigned の数値を比較しようとしました。
G:\data\dat\jazsrc\jobarranger-src\trunk\tools\json\json_tokener.c(450,8): warning C4018: '<': signed と unsigned の数値を比較しようとしました。
G:\data\dat\jazsrc\jobarranger-src\trunk\tools\json\json_tokener.c(483,31): warning C4996: 'sscanf': This function or variable may be unsafe. Consider using sscanf_s instead. To disable deprecation, use _CRT_SECURE_NO_WARNINGS. See online help for details.
G:\data\dat\jazsrc\jobarranger-src\trunk\tools\json\json_tokener.c(485,37): warning C4996: 'sscanf': This function or variable may be unsafe. Consider using sscanf_s instead. To disable deprecation, use _CRT_SECURE_NO_WARNINGS. See online help for details.
G:\data\dat\jazsrc\jobarranger-src\trunk\tools\json\json_tokener.c(553,23): warning C4996: 'strdup': The POSIX name for this item is deprecated. Instead, use the ISO C and C++ conformant name: _strdup. See online help for details.
  json_util.c
G:\data\dat\jazsrc\jobarranger-src\trunk\tools\json\json_util.c(62,12): warning C4996: '_open': This function or variable may be unsafe. Consider using _sopen_s instead. To disable deprecation, use _CRT_SECURE_NO_WARNINGS. See online help for details.
G:\data\dat\jazsrc\jobarranger-src\trunk\tools\json\json_util.c(63,1): warning C4996: 'strerror': This function or variable may be unsafe. Consider using strerror_s instead. To disable deprecation, use _CRT_SECURE_NO_WARNINGS. See online help for details.
G:\data\dat\jazsrc\jobarranger-src\trunk\tools\json\json_util.c(71,16): warning C4996: 'read': The POSIX name for this item is deprecated. Instead, use the ISO C and C++ conformant name: _read. See online help for details.
G:\data\dat\jazsrc\jobarranger-src\trunk\tools\json\json_util.c(74,3): warning C4996: 'close': The POSIX name for this item is deprecated. Instead, use the ISO C and C++ conformant name: _close. See online help for details.
G:\data\dat\jazsrc\jobarranger-src\trunk\tools\json\json_util.c(76,1): warning C4996: 'strerror': This function or variable may be unsafe. Consider using strerror_s instead. To disable deprecation, use _CRT_SECURE_NO_WARNINGS. See online help for details.
G:\data\dat\jazsrc\jobarranger-src\trunk\tools\json\json_util.c(97,12): warning C4996: '_open': This function or variable may be unsafe. Consider using _sopen_s instead. To disable deprecation, use _CRT_SECURE_NO_WARNINGS. See online help for details.
G:\data\dat\jazsrc\jobarranger-src\trunk\tools\json\json_util.c(98,1): warning C4996: 'strerror': This function or variable may be unsafe. Consider using strerror_s instead. To disable deprecation, use _CRT_SECURE_NO_WARNINGS. See online help for details.
G:\data\dat\jazsrc\jobarranger-src\trunk\tools\json\json_util.c(109,15): warning C4996: 'write': The POSIX name for this item is deprecated. Instead, use the ISO C and C++ conformant name: _write. See online help for details.
G:\data\dat\jazsrc\jobarranger-src\trunk\tools\json\json_util.c(110,7): warning C4996: 'close': The POSIX name for this item is deprecated. Instead, use the ISO C and C++ conformant name: _close. See online help for details.
G:\data\dat\jazsrc\jobarranger-src\trunk\tools\json\json_util.c(111,1): warning C4996: 'strerror': This function or variable may be unsafe. Consider using strerror_s instead. To disable deprecation, use _CRT_SECURE_NO_WARNINGS. See online help for details.
G:\data\dat\jazsrc\jobarranger-src\trunk\tools\json\json_util.c(120,3): warning C4996: 'close': The POSIX name for this item is deprecated. Instead, use the ISO C and C++ conformant name: _close. See online help for details.
  linkhash.c
  printbuf.c
G:\data\dat\jazsrc\jobarranger-src\trunk\tools\json\printbuf.c(98,14): warning C4996: 'vsprintf': This function or variable may be unsafe. Consider using vsprintf_s instead. To disable deprecation, use _CRT_SECURE_NO_WARNINGS. See online help for details.
G:\data\dat\jazsrc\jobarranger-src\trunk\tools\json\printbuf.c(118,10): warning C4996: '_vsnprintf': This function or variable may be unsafe. Consider using _vsnprintf_s instead. To disable deprecation, use _CRT_SECURE_NO_WARNINGS. See online help for details.
  test1.c
  json2.vcxproj -> G:\data\dat\jazsrc\jobarranger-src\trunk\build\project\..\..\bin\json\Win32\json2.lib
